<?xml version="1.0" encoding="UTF-8"?>
<testng-results ignored="0" total="1" passed="1" failed="0" skipped="0">
  <reporter-output>
  </reporter-output>
  <suite started-at="2023-05-11T22:38:20 PDT" name="Default suite" finished-at="2023-05-11T22:38:26 PDT" duration-ms="6706">
    <groups>
    </groups>
    <test started-at="2023-05-11T22:38:20 PDT" name="Default test" finished-at="2023-05-11T22:38:26 PDT" duration-ms="6706">
      <class name="Git.AddUser">
        <test-method signature="NewUser()[pri:0, instance:Git.AddUser@659499f1]" started-at="2023-05-11T22:38:20 PDT" name="NewUser" finished-at="2023-05-11T22:38:26 PDT" duration-ms="6569" status="PASS">
          <reporter-output>
          </reporter-output>
        </test-method> <!-- NewUser -->
      </class> <!-- Git.AddUser -->
    </test> <!-- Default test -->
  </suite> <!-- Default suite -->
</testng-results>
